<?xml version="1.0" encoding="UTF-8"?>
<testng-results ignored="0" total="4" passed="3" failed="1" skipped="0">
  <reporter-output>
  </reporter-output>
  <suite started-at="2022-06-27T01:55:05 IST" name="Suite" finished-at="2022-06-27T01:56:30 IST" duration-ms="85335">
    <groups>
    </groups>
    <test started-at="2022-06-27T01:55:05 IST" name="Validating First Course Text" finished-at="2022-06-27T01:56:01 IST" duration-ms="56048">
      <class name="Academy.AppTest">
        <test-method is-config="true" signature="initialize()[pri:0, instance:Academy.AppTest@2c767a52]" started-at="2022-06-27T01:55:05 IST" name="initialize" finished-at="2022-06-27T01:55:49 IST" duration-ms="44354" status="PASS">
          <reporter-output>
          </reporter-output>
        </test-method> <!-- initialize -->
        <test-method signature="VerifyFirstFeaturedCourse()[pri:0, instance:Academy.AppTest@2c767a52]" started-at="2022-06-27T01:55:49 IST" name="VerifyFirstFeaturedCourse" finished-at="2022-06-27T01:55:50 IST" duration-ms="647" status="PASS">
          <reporter-output>
          </reporter-output>
        </test-method> <!-- VerifyFirstFeaturedCourse -->
        <test-method is-config="true" signature="teardown()[pri:0, instance:Academy.AppTest@2c767a52]" started-at="2022-06-27T01:55:50 IST" name="teardown" finished-at="2022-06-27T01:56:01 IST" duration-ms="11023" status="PASS">
          <reporter-output>
          </reporter-output>
        </test-method> <!-- teardown -->
      </class> <!-- Academy.AppTest -->
    </test> <!-- Validating First Course Text -->
    <test started-at="2022-06-27T01:55:05 IST" name="Validation title of the page" finished-at="2022-06-27T01:56:14 IST" duration-ms="69344">
      <class name="Academy.Title">
        <test-method is-config="true" signature="initialize()[pri:0, instance:Academy.Title@6aba2b86]" started-at="2022-06-27T01:55:05 IST" name="initialize" finished-at="2022-06-27T01:55:57 IST" duration-ms="52049" status="PASS">
          <reporter-output>
          </reporter-output>
        </test-method> <!-- initialize -->
        <test-method signature="title()[pri:0, instance:Academy.Title@6aba2b86]" started-at="2022-06-27T01:55:57 IST" name="title" finished-at="2022-06-27T01:55:57 IST" duration-ms="277" status="FAIL">
          <exception class="java.lang.AssertionError">
            <message>
              <![CDATA[expected [FEATURE122D COURSES] but found [FEATURED COURSES]]]>
            </message>
            <full-stacktrace>
              <![CDATA[java.lang.AssertionError: expected [FEATURE122D COURSES] but found [FEATURED COURSES]
at org.testng.Assert.fail(Assert.java:110)
at org.testng.Assert.failNotEquals(Assert.java:1413)
at org.testng.Assert.assertEqualsImpl(Assert.java:149)
at org.testng.Assert.assertEquals(Assert.java:131)
at org.testng.Assert.assertEquals(Assert.java:655)
at org.testng.Assert.assertEquals(Assert.java:665)
at Academy.Title.title(Title.java:32)
at java.base/jdk.internal.reflect.DirectMethodHandleAccessor.invoke(DirectMethodHandleAccessor.java:104)
at java.base/java.lang.reflect.Method.invoke(Method.java:577)
at org.testng.internal.invokers.MethodInvocationHelper.invokeMethod(MethodInvocationHelper.java:139)
at org.testng.internal.invokers.TestInvoker.invokeMethod(TestInvoker.java:677)
at org.testng.internal.invokers.TestInvoker.invokeTestMethod(TestInvoker.java:221)
at org.testng.internal.invokers.MethodRunner.runInSequence(MethodRunner.java:50)
at org.testng.internal.invokers.TestInvoker$MethodInvocationAgent.invoke(TestInvoker.java:962)
at org.testng.internal.invokers.TestInvoker.invokeTestMethods(TestInvoker.java:194)
at org.testng.internal.invokers.TestMethodWorker.invokeTestMethods(TestMethodWorker.java:148)
at org.testng.internal.invokers.TestMethodWorker.run(TestMethodWorker.java:128)
at java.base/java.util.ArrayList.forEach(ArrayList.java:1511)
at org.testng.TestRunner.privateRun(TestRunner.java:806)
at org.testng.TestRunner.run(TestRunner.java:601)
at org.testng.SuiteRunner.runTest(SuiteRunner.java:433)
at org.testng.SuiteRunner$SuiteWorker.run(SuiteRunner.java:471)
at org.testng.internal.thread.ThreadUtil.lambda$execute$0(ThreadUtil.java:58)
at java.base/java.util.concurrent.FutureTask.run(FutureTask.java:264)
at java.base/java.util.concurrent.ThreadPoolExecutor.runWorker(ThreadPoolExecutor.java:1136)
at java.base/java.util.concurrent.ThreadPoolExecutor$Worker.run(ThreadPoolExecutor.java:635)
at java.base/java.lang.Thread.run(Thread.java:833)
]]>
            </full-stacktrace>
          </exception> <!-- java.lang.AssertionError -->
          <reporter-output>
          </reporter-output>
        </test-method> <!-- title -->
        <test-method is-config="true" signature="teardown()[pri:0, instance:Academy.Title@6aba2b86]" started-at="2022-06-27T01:56:00 IST" name="teardown" finished-at="2022-06-27T01:56:14 IST" duration-ms="14297" status="PASS">
          <reporter-output>
          </reporter-output>
        </test-method> <!-- teardown -->
      </class> <!-- Academy.Title -->
    </test> <!-- Validation title of the page -->
    <test started-at="2022-06-27T01:55:05 IST" name="Valiating login page" finished-at="2022-06-27T01:56:30 IST" duration-ms="85335">
      <class name="Academy.HomePage">
        <test-method signature="home(java.lang.String,java.lang.String,java.lang.String)[pri:0, instance:Academy.HomePage@79924b]" started-at="2022-06-27T01:55:05 IST" name="home" data-provider="getData" finished-at="2022-06-27T01:55:51 IST" duration-ms="46401" status="PASS">
          <params>
            <param index="0">
              <value>
                <![CDATA[restricteduser@academy.com]]>
              </value>
            </param>
            <param index="1">
              <value>
                <![CDATA[12345]]>
              </value>
            </param>
            <param index="2">
              <value>
                <![CDATA[Restricted User]]>
              </value>
            </param>
          </params>
          <reporter-output>
          </reporter-output>
        </test-method> <!-- home -->
        <test-method signature="home(java.lang.String,java.lang.String,java.lang.String)[pri:0, instance:Academy.HomePage@79924b]" started-at="2022-06-27T01:55:51 IST" name="home" data-provider="getData" finished-at="2022-06-27T01:56:30 IST" duration-ms="38227" status="PASS">
          <params>
            <param index="0">
              <value>
                <![CDATA[non-restricteduser@academy.com]]>
              </value>
            </param>
            <param index="1">
              <value>
                <![CDATA[67890]]>
              </value>
            </param>
            <param index="2">
              <value>
                <![CDATA[Non-restricted User]]>
              </value>
            </param>
          </params>
          <reporter-output>
          </reporter-output>
        </test-method> <!-- home -->
        <test-method is-config="true" signature="teardown()[pri:0, instance:Academy.HomePage@79924b]" started-at="2022-06-27T01:56:30 IST" name="teardown" finished-at="2022-06-27T01:56:30 IST" duration-ms="608" status="PASS">
          <reporter-output>
          </reporter-output>
        </test-method> <!-- teardown -->
      </class> <!-- Academy.HomePage -->
    </test> <!-- Valiating login page -->
  </suite> <!-- Suite -->
</testng-results>
